2021-06-14 18:39:21,752 INFO org.springframework.boot.StartupInfoLogger [main] Starting ApiCoinConverterApplication using Java 1.8.0_292 on notemcrj with PID 19031 (/home/note-mcrj/workspace-idea/api-coin-converter/target/classes started by note-mcrj in /home/note-mcrj/workspace-idea/api-coin-converter)
2021-06-14 18:39:21,759 INFO org.springframework.boot.SpringApplication [main] No active profile set, falling back to default profiles: default
2021-06-14 18:39:24,216 INFO org.springframework.data.repository.config.RepositoryConfigurationDelegate [main] Bootstrapping Spring Data JPA repositories in DEFAULT mode.
2021-06-14 18:39:24,322 INFO org.springframework.data.repository.config.RepositoryConfigurationDelegate [main] Finished Spring Data repository scanning in 88 ms. Found 1 JPA repository interfaces.
2021-06-14 18:39:25,408 INFO org.springframework.boot.web.embedded.tomcat.TomcatWebServer [main] Tomcat initialized with port(s): 8080 (http)
2021-06-14 18:39:25,438 INFO org.apache.juli.logging.DirectJDKLog [main] Initializing ProtocolHandler ["http-nio-8080"]
2021-06-14 18:39:25,442 INFO org.apache.juli.logging.DirectJDKLog [main] Starting service [Tomcat]
2021-06-14 18:39:25,443 INFO org.apache.juli.logging.DirectJDKLog [main] Starting Servlet engine: [Apache Tomcat/9.0.46]
2021-06-14 18:39:25,638 INFO org.apache.juli.logging.DirectJDKLog [main] Initializing Spring embedded WebApplicationContext
2021-06-14 18:39:25,640 INFO org.springframework.boot.web.servlet.context.ServletWebServerApplicationContext [main] Root WebApplicationContext: initialization completed in 3702 ms
2021-06-14 18:39:25,762 INFO com.zaxxer.hikari.HikariDataSource [main] HikariPool-1 - Starting...
2021-06-14 18:39:26,379 INFO com.zaxxer.hikari.HikariDataSource [main] HikariPool-1 - Start completed.
2021-06-14 18:39:26,397 INFO org.springframework.boot.autoconfigure.h2.H2ConsoleAutoConfiguration [main] H2 console available at '/h2'. Database available at 'jdbc:h2:file:~/db-coin-converter'
2021-06-14 18:39:26,842 INFO org.hibernate.jpa.internal.util.LogHelper [main] HHH000204: Processing PersistenceUnitInfo [name: default]
2021-06-14 18:39:26,923 INFO org.hibernate.Version [main] HHH000412: Hibernate ORM core version 5.4.31.Final
2021-06-14 18:39:27,170 INFO org.hibernate.annotations.common.reflection.java.JavaReflectionManager [main] HCANN000001: Hibernate Commons Annotations {5.1.2.Final}
2021-06-14 18:39:27,409 INFO org.hibernate.dialect.Dialect [main] HHH000400: Using dialect: org.hibernate.dialect.H2Dialect
2021-06-14 18:39:28,343 INFO org.hibernate.engine.transaction.jta.platform.internal.JtaPlatformInitiator [main] HHH000490: Using JtaPlatform implementation: [org.hibernate.engine.transaction.jta.platform.internal.NoJtaPlatform]
2021-06-14 18:39:28,356 INFO org.springframework.orm.jpa.AbstractEntityManagerFactoryBean [main] Initialized JPA EntityManagerFactory for persistence unit 'default'
2021-06-14 18:39:29,227 WARN org.springframework.boot.autoconfigure.orm.jpa.JpaBaseConfiguration$JpaWebConfiguration [main] spring.jpa.open-in-view is enabled by default. Therefore, database queries may be performed during view rendering. Explicitly configure spring.jpa.open-in-view to disable this warning
2021-06-14 18:39:30,003 INFO org.apache.juli.logging.DirectJDKLog [main] Starting ProtocolHandler ["http-nio-8080"]
2021-06-14 18:39:30,029 INFO org.springframework.boot.web.embedded.tomcat.TomcatWebServer [main] Tomcat started on port(s): 8080 (http) with context path ''
2021-06-14 18:39:30,053 INFO org.springframework.boot.StartupInfoLogger [main] Started ApiCoinConverterApplication in 10.316 seconds (JVM running for 11.47)
2021-06-14 18:39:30,056 INFO org.springframework.boot.availability.ApplicationAvailabilityBean [main] Application availability state LivenessState changed to CORRECT
2021-06-14 18:39:30,070 INFO org.springframework.boot.availability.ApplicationAvailabilityBean [main] Application availability state ReadinessState changed to ACCEPTING_TRAFFIC
2021-06-14 18:39:43,052 INFO org.apache.juli.logging.DirectJDKLog [http-nio-8080-exec-1] Initializing Spring DispatcherServlet 'dispatcherServlet'
2021-06-14 18:39:43,053 INFO org.springframework.web.servlet.FrameworkServlet [http-nio-8080-exec-1] Initializing Servlet 'dispatcherServlet'
2021-06-14 18:39:43,056 INFO org.springframework.web.servlet.FrameworkServlet [http-nio-8080-exec-1] Completed initialization in 3 ms
2021-06-14 18:39:43,309 INFO br.com.conversormoeda.apicoinconverter.service.TransactionService [http-nio-8080-exec-1] Process to generate transaction by API started
2021-06-14 18:39:44,953 ERROR br.com.conversormoeda.apicoinconverter.controller.TransactionController [http-nio-8080-exec-1] Transaction - Illegal Argument Exception in the process
2021-06-14 18:39:53,852 INFO br.com.conversormoeda.apicoinconverter.service.TransactionService [http-nio-8080-exec-3] Process to generate transaction by API started
2021-06-14 18:39:54,307 INFO br.com.conversormoeda.apicoinconverter.service.TransactionService [http-nio-8080-exec-3] Process to save the transaction
2021-06-14 18:40:06,810 INFO br.com.conversormoeda.apicoinconverter.service.TransactionService [http-nio-8080-exec-6] Process to find all transactions by user
2021-06-14 18:42:39,995 INFO org.springframework.boot.StartupInfoLogger [main] Starting ApiCoinConverterApplication using Java 1.8.0_292 on notemcrj with PID 19219 (/home/note-mcrj/workspace-idea/api-coin-converter/target/classes started by note-mcrj in /home/note-mcrj/workspace-idea/api-coin-converter)
2021-06-14 18:42:40,000 INFO org.springframework.boot.SpringApplication [main] No active profile set, falling back to default profiles: default
2021-06-14 18:42:41,697 INFO org.springframework.data.repository.config.RepositoryConfigurationDelegate [main] Bootstrapping Spring Data JPA repositories in DEFAULT mode.
2021-06-14 18:42:41,785 INFO org.springframework.data.repository.config.RepositoryConfigurationDelegate [main] Finished Spring Data repository scanning in 69 ms. Found 1 JPA repository interfaces.
2021-06-14 18:42:43,176 INFO org.springframework.boot.web.embedded.tomcat.TomcatWebServer [main] Tomcat initialized with port(s): 8080 (http)
2021-06-14 18:42:43,201 INFO org.apache.juli.logging.DirectJDKLog [main] Initializing ProtocolHandler ["http-nio-8080"]
2021-06-14 18:42:43,204 INFO org.apache.juli.logging.DirectJDKLog [main] Starting service [Tomcat]
2021-06-14 18:42:43,205 INFO org.apache.juli.logging.DirectJDKLog [main] Starting Servlet engine: [Apache Tomcat/9.0.46]
2021-06-14 18:42:43,393 INFO org.apache.juli.logging.DirectJDKLog [main] Initializing Spring embedded WebApplicationContext
2021-06-14 18:42:43,394 INFO org.springframework.boot.web.servlet.context.ServletWebServerApplicationContext [main] Root WebApplicationContext: initialization completed in 3240 ms
2021-06-14 18:42:43,484 INFO com.zaxxer.hikari.HikariDataSource [main] HikariPool-1 - Starting...
2021-06-14 18:42:43,954 INFO com.zaxxer.hikari.HikariDataSource [main] HikariPool-1 - Start completed.
2021-06-14 18:42:43,969 INFO org.springframework.boot.autoconfigure.h2.H2ConsoleAutoConfiguration [main] H2 console available at '/h2'. Database available at 'jdbc:h2:file:~/db-coin-converter'
2021-06-14 18:42:44,335 INFO org.hibernate.jpa.internal.util.LogHelper [main] HHH000204: Processing PersistenceUnitInfo [name: default]
2021-06-14 18:42:44,436 INFO org.hibernate.Version [main] HHH000412: Hibernate ORM core version 5.4.31.Final
2021-06-14 18:42:44,665 INFO org.hibernate.annotations.common.reflection.java.JavaReflectionManager [main] HCANN000001: Hibernate Commons Annotations {5.1.2.Final}
2021-06-14 18:42:44,852 INFO org.hibernate.dialect.Dialect [main] HHH000400: Using dialect: org.hibernate.dialect.H2Dialect
2021-06-14 18:42:45,968 INFO org.hibernate.engine.transaction.jta.platform.internal.JtaPlatformInitiator [main] HHH000490: Using JtaPlatform implementation: [org.hibernate.engine.transaction.jta.platform.internal.NoJtaPlatform]
2021-06-14 18:42:45,978 INFO org.springframework.orm.jpa.AbstractEntityManagerFactoryBean [main] Initialized JPA EntityManagerFactory for persistence unit 'default'
2021-06-14 18:42:46,866 WARN org.springframework.boot.autoconfigure.orm.jpa.JpaBaseConfiguration$JpaWebConfiguration [main] spring.jpa.open-in-view is enabled by default. Therefore, database queries may be performed during view rendering. Explicitly configure spring.jpa.open-in-view to disable this warning
2021-06-14 18:42:47,577 INFO org.apache.juli.logging.DirectJDKLog [main] Starting ProtocolHandler ["http-nio-8080"]
2021-06-14 18:42:47,604 INFO org.springframework.boot.web.embedded.tomcat.TomcatWebServer [main] Tomcat started on port(s): 8080 (http) with context path ''
2021-06-14 18:42:47,619 INFO org.springframework.boot.StartupInfoLogger [main] Started ApiCoinConverterApplication in 9.215 seconds (JVM running for 10.284)
2021-06-14 18:42:47,621 INFO org.springframework.boot.availability.ApplicationAvailabilityBean [main] Application availability state LivenessState changed to CORRECT
2021-06-14 18:42:47,625 INFO org.springframework.boot.availability.ApplicationAvailabilityBean [main] Application availability state ReadinessState changed to ACCEPTING_TRAFFIC
2021-06-14 18:42:56,367 INFO org.apache.juli.logging.DirectJDKLog [http-nio-8080-exec-1] Initializing Spring DispatcherServlet 'dispatcherServlet'
2021-06-14 18:42:56,368 INFO org.springframework.web.servlet.FrameworkServlet [http-nio-8080-exec-1] Initializing Servlet 'dispatcherServlet'
2021-06-14 18:42:56,369 INFO org.springframework.web.servlet.FrameworkServlet [http-nio-8080-exec-1] Completed initialization in 1 ms
2021-06-14 18:42:56,621 INFO br.com.conversormoeda.apicoinconverter.service.TransactionService [http-nio-8080-exec-1] Process to find all transactions by user
2021-06-14 18:42:56,893 ERROR br.com.conversormoeda.apicoinconverter.controller.TransactionController [http-nio-8080-exec-1] Transaction - Occurred a problem into return of data
2021-06-14 18:55:51,995 INFO org.springframework.boot.StartupInfoLogger [main] Starting ApiCoinConverterApplication using Java 1.8.0_292 on notemcrj with PID 20155 (/home/note-mcrj/workspace-idea/api-coin-converter/target/classes started by note-mcrj in /home/note-mcrj/workspace-idea/api-coin-converter)
2021-06-14 18:55:52,000 INFO org.springframework.boot.SpringApplication [main] No active profile set, falling back to default profiles: default
2021-06-14 18:55:53,544 INFO org.springframework.data.repository.config.RepositoryConfigurationDelegate [main] Bootstrapping Spring Data JPA repositories in DEFAULT mode.
2021-06-14 18:55:53,634 INFO org.springframework.data.repository.config.RepositoryConfigurationDelegate [main] Finished Spring Data repository scanning in 73 ms. Found 1 JPA repository interfaces.
2021-06-14 18:55:54,692 INFO org.springframework.boot.web.embedded.tomcat.TomcatWebServer [main] Tomcat initialized with port(s): 8080 (http)
2021-06-14 18:55:54,712 INFO org.apache.juli.logging.DirectJDKLog [main] Initializing ProtocolHandler ["http-nio-8080"]
2021-06-14 18:55:54,714 INFO org.apache.juli.logging.DirectJDKLog [main] Starting service [Tomcat]
2021-06-14 18:55:54,715 INFO org.apache.juli.logging.DirectJDKLog [main] Starting Servlet engine: [Apache Tomcat/9.0.46]
2021-06-14 18:55:54,892 INFO org.apache.juli.logging.DirectJDKLog [main] Initializing Spring embedded WebApplicationContext
2021-06-14 18:55:54,894 INFO org.springframework.boot.web.servlet.context.ServletWebServerApplicationContext [main] Root WebApplicationContext: initialization completed in 2729 ms
2021-06-14 18:55:55,005 INFO com.zaxxer.hikari.HikariDataSource [main] HikariPool-1 - Starting...
2021-06-14 18:55:55,524 INFO com.zaxxer.hikari.HikariDataSource [main] HikariPool-1 - Start completed.
2021-06-14 18:55:55,541 INFO org.springframework.boot.autoconfigure.h2.H2ConsoleAutoConfiguration [main] H2 console available at '/h2'. Database available at 'jdbc:h2:file:~/db-coin-converter'
2021-06-14 18:55:55,961 INFO org.hibernate.jpa.internal.util.LogHelper [main] HHH000204: Processing PersistenceUnitInfo [name: default]
2021-06-14 18:55:56,065 INFO org.hibernate.Version [main] HHH000412: Hibernate ORM core version 5.4.31.Final
2021-06-14 18:55:56,300 INFO org.hibernate.annotations.common.reflection.java.JavaReflectionManager [main] HCANN000001: Hibernate Commons Annotations {5.1.2.Final}
2021-06-14 18:55:56,484 INFO org.hibernate.dialect.Dialect [main] HHH000400: Using dialect: org.hibernate.dialect.H2Dialect
2021-06-14 18:55:57,451 INFO org.hibernate.engine.transaction.jta.platform.internal.JtaPlatformInitiator [main] HHH000490: Using JtaPlatform implementation: [org.hibernate.engine.transaction.jta.platform.internal.NoJtaPlatform]
2021-06-14 18:55:57,465 INFO org.springframework.orm.jpa.AbstractEntityManagerFactoryBean [main] Initialized JPA EntityManagerFactory for persistence unit 'default'
2021-06-14 18:55:58,317 WARN org.springframework.boot.autoconfigure.orm.jpa.JpaBaseConfiguration$JpaWebConfiguration [main] spring.jpa.open-in-view is enabled by default. Therefore, database queries may be performed during view rendering. Explicitly configure spring.jpa.open-in-view to disable this warning
2021-06-14 18:55:59,071 INFO org.apache.juli.logging.DirectJDKLog [main] Starting ProtocolHandler ["http-nio-8080"]
2021-06-14 18:55:59,101 INFO org.springframework.boot.web.embedded.tomcat.TomcatWebServer [main] Tomcat started on port(s): 8080 (http) with context path ''
2021-06-14 18:55:59,118 INFO org.springframework.boot.StartupInfoLogger [main] Started ApiCoinConverterApplication in 8.762 seconds (JVM running for 9.853)
2021-06-14 18:55:59,121 INFO org.springframework.boot.availability.ApplicationAvailabilityBean [main] Application availability state LivenessState changed to CORRECT
2021-06-14 18:55:59,124 INFO org.springframework.boot.availability.ApplicationAvailabilityBean [main] Application availability state ReadinessState changed to ACCEPTING_TRAFFIC
2021-06-14 18:56:08,677 INFO org.apache.juli.logging.DirectJDKLog [http-nio-8080-exec-1] Initializing Spring DispatcherServlet 'dispatcherServlet'
2021-06-14 18:56:08,678 INFO org.springframework.web.servlet.FrameworkServlet [http-nio-8080-exec-1] Initializing Servlet 'dispatcherServlet'
2021-06-14 18:56:08,683 INFO org.springframework.web.servlet.FrameworkServlet [http-nio-8080-exec-1] Completed initialization in 4 ms
